<?xml version="1.0" encoding="UTF-8"?>
<!-- Generated by org.testng.reporters.JUnitReportReporter -->
<testsuite hostname="WL356005" name="com.rest_test.TestClass" tests="4" failures="0" timestamp="6 Mar 2019 10:36:26 GMT" time="3.785" errors="0">
  <testcase name="sampleTest4" time="0.874" classname="com.rest_test.TestClass"/>
  <testcase name="sampleTest2" time="0.912" classname="com.rest_test.TestClass"/>
  <testcase name="sampleTest" time="1.065" classname="com.rest_test.TestClass"/>
  <testcase name="sampleTest3" time="0.934" classname="com.rest_test.TestClass"/>
</testsuite> <!-- com.rest_test.TestClass -->
