<?xml version="1.0" encoding="UTF-8"?>
<!-- Generated by org.testng.reporters.JUnitReportReporter -->
<testsuite hostname="navneetk-win7" name="com.rest_test.TestClass" tests="1" failures="0" timestamp="17 Apr 2018 06:07:26 GMT" time="0.147" errors="0">
  <testcase name="sampleTest" time="0.147" classname="com.rest_test.TestClass"/>
</testsuite> <!-- com.rest_test.TestClass -->
