<?xml version="1.0" encoding="UTF-8"?>
<!-- Generated by org.testng.reporters.JUnitReportReporter -->
<testsuite hostname="WL356005" name="com.rest_test.TestClass" tests="4" failures="0" timestamp="11 Feb 2019 08:16:45 GMT" time="5.321" errors="0">
  <testcase name="sampleTest2" time="1.302" classname="com.rest_test.TestClass"/>
  <testcase name="sampleTest" time="1.560" classname="com.rest_test.TestClass"/>
  <testcase name="sampleTest4" time="1.233" classname="com.rest_test.TestClass"/>
  <testcase name="sampleTest3" time="1.226" classname="com.rest_test.TestClass"/>
</testsuite> <!-- com.rest_test.TestClass -->
